<?xml version="1.0" encoding="UTF-8"?>
<testsuite name="pojos.ManagerTests" tests="1" skipped="0" failures="0" errors="0" timestamp="2021-05-18T14:08:14" hostname="DESKTOP-R1CQAU0" time="0.001">
  <properties/>
  <testcase name="EmployeeToString()" classname="pojos.ManagerTests" time="0.001"/>
  <system-out><![CDATA[]]></system-out>
  <system-err><![CDATA[]]></system-err>
</testsuite>
